-------------------------------------------------------------------------------
Test set: com.example.ExceptionThrowerTest
-------------------------------------------------------------------------------
Tests run: 1, Failures: 0, Errors: 1, Skipped: 0, Time elapsed: 0.102 s <<< FAILURE! -- in com.example.ExceptionThrowerTest
com.example.ExceptionThrowerTest.testException -- Time elapsed: 0.050 s <<< ERROR!
java.lang.Error: 
Unresolved compilation problem: 
	The declared package "" does not match the expected package "com.example"

	at com.example.ExceptionThrower.<init>(ExceptionThrower.java:1)
	at com.example.ExceptionThrowerTest.testException(ExceptionThrowerTest.java:11)
	at java.base/java.lang.reflect.Method.invoke(Method.java:565)
	at java.base/java.util.ArrayList.forEach(ArrayList.java:1604)
	at java.base/java.util.ArrayList.forEach(ArrayList.java:1604)

