<?xml version="1.0" encoding="UTF-8"?>
<testsuite xmlns:xsi="http://www.w3.org/2001/XMLSchema-instance" xsi:noNamespaceSchemaLocation="https://maven.apache.org/surefire/maven-surefire-plugin/xsd/surefire-test-report-3.0.xsd" version="3.0" name="com.example.controller.CalculatorControllerTest" time="11.686" tests="1" errors="0" skipped="0" failures="0">
  <properties>
[...]
</properties>
  <testcase name="testAdd" classname="com.example.controller.CalculatorControllerTest" time="2.007">
    <system-out><![CDATA[09:29:40.049 [main] INFO org.springframework.test.context.support.AnnotationConfigContextLoaderUtils -- Could not detect default configuration classes for test class [com.example.controller.CalculatorControllerTest]: CalculatorControllerTest does not declare any static, non-private, non-final, nested classes annotated with @Configuration.
09:29:40.340 [main] INFO org.springframework.boot.test.context.SpringBootTestContextBootstrapper -- Found @SpringBootConfiguration com.example.Exercise7Application for test class com.example.controller.CalculatorControllerTest
  .   ____          _            __ _ _
 /\\ / ___'_ __ _ _(_)_ __  __ _ \ \ \ \
( ( )\___ | '_ | '_| | '_ \/ _` | \ \ \ \
 \\/  ___)| |_)| | | | | || (_| |  ) ) ) )
  '  |____| .__|_| |_|_| |_\__, | / / / /
 =========|_|==============|___/=/_/_/_/

 :: Spring Boot ::                (v3.3.0)

2026-06-25T09:29:41.244+05:30  INFO 476 --- [           main] c.e.controller.CalculatorControllerTest  : Starting CalculatorControllerTest using Java 25.0.2 with PID 476 (started by NOHITHA CHEDE in C:\Users\NOHITHA CHEDE\Documents\8001197_Ch.NohithaSri\JUnit,Mockito,SL4J\JUnit_Spring_Test_Exercises\Exercise7\Exercise7)
2026-06-25T09:29:41.246+05:30  INFO 476 --- [           main] c.e.controller.CalculatorControllerTest  : No active profile set, falling back to 1 default profile: "default"
2026-06-25T09:29:48.323+05:30  INFO 476 --- [           main] o.s.b.w.embedded.tomcat.TomcatWebServer  : Tomcat initialized with port 0 (http)
2026-06-25T09:29:48.387+05:30  INFO 476 --- [           main] o.apache.catalina.core.StandardService   : Starting service [Tomcat]
2026-06-25T09:29:48.387+05:30  INFO 476 --- [           main] o.apache.catalina.core.StandardEngine    : Starting Servlet engine: [Apache Tomcat/10.1.24]
2026-06-25T09:29:48.554+05:30  INFO 476 --- [           main] o.a.c.c.C.[Tomcat].[localhost].[/]       : Initializing Spring embedded WebApplicationContext
2026-06-25T09:29:48.556+05:30  INFO 476 --- [           main] w.s.c.ServletWebServerApplicationContext : Root WebApplicationContext: initialization completed in 7269 ms
2026-06-25T09:29:49.302+05:30  INFO 476 --- [           main] o.s.b.w.embedded.tomcat.TomcatWebServer  : Tomcat started on port 62949 (http) with context path '/'
2026-06-25T09:29:49.310+05:30  INFO 476 --- [           main] c.e.controller.CalculatorControllerTest  : Started CalculatorControllerTest in 8.596 seconds (process running for 10.877)
2026-06-25T09:29:51.063+05:30  INFO 476 --- [o-auto-1-exec-1] o.a.c.c.C.[Tomcat].[localhost].[/]       : Initializing Spring DispatcherServlet 'dispatcherServlet'
2026-06-25T09:29:51.063+05:30  INFO 476 --- [o-auto-1-exec-1] o.s.web.servlet.DispatcherServlet        : Initializing Servlet 'dispatcherServlet'
2026-06-25T09:29:51.065+05:30  INFO 476 --- [o-auto-1-exec-1] o.s.web.servlet.DispatcherServlet        : Completed initialization in 1 ms
]]></system-out>
    <system-err><![CDATA[WARNING: A Java agent has been loaded dynamically (C:\Users\NOHITHA CHEDE\.m2\repository\net\bytebuddy\byte-buddy-agent\1.14.16\byte-buddy-agent-1.14.16.jar)
WARNING: If a serviceability tool is in use, please run with -XX:+EnableDynamicAgentLoading to hide this warning
WARNING: If a serviceability tool is not in use, please run with -Djdk.instrument.traceUsage for more information
WARNING: Dynamic loading of agents will be disallowed by default in a future release
]]></system-err>
  </testcase>
</testsuite>