<?xml version="1.0" encoding="UTF-8"?>
<testsuite xmlns:xsi="http://www.w3.org/2001/XMLSchema-instance" xsi:noNamespaceSchemaLocation="https://maven.apache.org/surefire/maven-surefire-plugin/xsd/surefire-test-report-3.0.xsd" version="3.0" name="EvenCheckerTest" time="0.271" tests="6" errors="0" skipped="0" failures="0">
  <properties>
[...]
</properties>
  <testcase name="testEvenNumbers(int)[1]" classname="EvenCheckerTest" time="0.108"/>
  <testcase name="testEvenNumbers(int)[2]" classname="EvenCheckerTest" time="0.004"/>
  <testcase name="testEvenNumbers(int)[3]" classname="EvenCheckerTest" time="0.002"/>
  <testcase name="testEvenNumbers(int)[4]" classname="EvenCheckerTest" time="0.003"/>
  <testcase name="testEvenNumbers(int)[5]" classname="EvenCheckerTest" time="0.003"/>
  <testcase name="testEvenNumbers(int)[6]" classname="EvenCheckerTest" time="0.002"/>
</testsuite>